+---------------------------------------------------------------------+
|  Log file: mau.resources.log                                        |
|  Compiler version: 9.11.1                                           |
|  Created on: Wed Aug  9 23:16:05 2023                               |
|  Run ID: 2ad741efbee043dd                                           |
+---------------------------------------------------------------------+
...
------------------------------------------------------------------------------------------------------------------------------------
| Stage Number | Exact Match Input xbar | Ternary Match Input xbar | Hash Bit | Hash Dist Unit | Gateway |  SRAM  | Map RAM |  TCAM | VLIW Instr | Meter ALU | Stats ALU | Stash | Exact Match Search Bus | Exact Match Result Bus | Tind Result Bus | Action Data Bus Bytes | 8-bit Action Slots | 16-bit Action Slots | 32-bit Action Slots | Logical TableID |
------------------------------------------------------------------------------------------------------------------------------------------------------------------------------------------------------------------------------------------------------------------------------------------------------------------------------------------------------------------
|      0       |         28.91%         |          0.00%           |  45.91%  |     83.33%     |  68.75% | 20.00% |  14.58% | 0.00% |   15.62%   |   50.00%  |   0.00%   | 0.00% |         87.50%         |         43.75%         |      68.75%     |         19.53%        |       0.00%        |        0.00%        |        0.00%        |     100.00%     |
|      1       |         7.81%          |          0.00%           |  12.26%  |     16.67%     |  37.50% | 8.75%  |  4.17%  | 0.00% |   15.62%   |   25.00%  |   0.00%   | 0.00% |         43.75%         |         18.75%         |      68.75%     |         9.38%         |       0.00%        |        0.00%        |        0.00%        |      81.25%     |
|      2       |         10.94%         |          0.00%           |  11.54%  |     0.00%      |  37.50% | 81.25% |  0.00%  | 0.00% |   6.25%    |   0.00%   |   0.00%   | 0.00% |         37.50%         |         6.25%          |      18.75%     |         14.06%        |       0.00%        |        0.00%        |        0.00%        |      43.75%     |
|      3       |         8.59%          |          0.00%           |  10.58%  |     33.33%     |  68.75% | 28.75% |  45.83% | 0.00% |   15.62%   |   50.00%  |   0.00%   | 0.00% |         68.75%         |         12.50%         |      31.25%     |         1.56%         |       0.00%        |        0.00%        |        0.00%        |      75.00%     |
|      4       |         17.19%         |          0.00%           |  42.55%  |     33.33%     |  43.75% | 63.75% |  85.42% | 0.00% |   15.62%   |  100.00%  |   0.00%   | 0.00% |         37.50%         |         37.50%         |      12.50%     |         14.84%        |       0.00%        |        0.00%        |        0.00%        |      56.25%     |
|      5       |         23.44%         |          0.00%           |  31.25%  |     33.33%     |  68.75% | 48.75% |  60.42% | 0.00% |   28.12%   |  100.00%  |   0.00%   | 0.00% |         75.00%         |         75.00%         |      50.00%     |         10.16%        |       0.00%        |        0.00%        |        0.00%        |      87.50%     |
|      6       |         11.72%         |          0.00%           |  21.88%  |     50.00%     |  68.75% | 40.00% |  56.25% | 0.00% |   18.75%   |   75.00%  |   0.00%   | 0.00% |         56.25%         |         56.25%         |      43.75%     |         17.19%        |       0.00%        |        0.00%        |        0.00%        |      75.00%     |
|      7       |         18.75%         |          0.00%           |  20.91%  |     50.00%     |  81.25% | 32.50% |  54.17% | 0.00% |   18.75%   |  100.00%  |   0.00%   | 0.00% |         62.50%         |         62.50%         |      50.00%     |         12.50%        |       0.00%        |        0.00%        |        0.00%        |      93.75%     |
|      8       |         32.03%         |          3.03%           |  24.76%  |     66.67%     |  75.00% | 33.75% |  54.17% | 4.17% |   28.12%   |  100.00%  |   0.00%   | 0.00% |         68.75%         |         50.00%         |      62.50%     |         10.16%        |       0.00%        |        0.00%        |        0.00%        |      87.50%     |
|      9       |         23.44%         |          0.00%           |  18.03%  |     33.33%     |  62.50% | 8.75%  |  12.50% | 0.00% |   21.88%   |   75.00%  |   0.00%   | 0.00% |         56.25%         |         31.25%         |      62.50%     |         7.03%         |       0.00%        |        0.00%        |        0.00%        |      93.75%     |
|      10      |         20.31%         |          0.00%           |  21.39%  |     50.00%     |  56.25% | 15.00% |  22.92% | 0.00% |   18.75%   |  100.00%  |   0.00%   | 0.00% |         43.75%         |         50.00%         |      43.75%     |         10.16%        |       0.00%        |        0.00%        |        0.00%        |      75.00%     |
|      11      |         8.59%          |          0.00%           |  4.81%   |     16.67%     |  31.25% | 3.75%  |  4.17%  | 0.00% |   12.50%   |   25.00%  |   0.00%   | 0.00% |         31.25%         |         6.25%          |      18.75%     |         3.12%         |       0.00%        |        0.00%        |        0.00%        |      37.50%     |
|      12      |         15.62%         |          0.00%           |  3.85%   |     16.67%     |  93.75% | 21.25% |  35.42% | 0.00% |   12.50%   |   25.00%  |   0.00%   | 0.00% |         93.75%         |         31.25%         |      37.50%     |         3.12%         |       0.00%        |        0.00%        |        0.00%        |     100.00%     |
|      13      |         7.03%          |          9.09%           |  6.49%   |     16.67%     |  31.25% | 11.25% |  14.58% | 8.33% |   18.75%   |   50.00%  |   0.00%   | 0.00% |         31.25%         |         0.00%          |      56.25%     |         2.34%         |       0.00%        |        0.00%        |        0.00%        |      56.25%     |
|      14      |         3.91%          |          0.00%           |  2.40%   |     0.00%      |  25.00% | 1.25%  |  0.00%  | 0.00% |   12.50%   |   0.00%   |   0.00%   | 0.00% |         25.00%         |         6.25%          |      25.00%     |         3.12%         |       0.00%        |        0.00%        |        0.00%        |      37.50%     |
|      15      |         1.56%          |          0.00%           |  0.00%   |     0.00%      |  12.50% | 0.00%  |  0.00%  | 0.00% |   6.25%    |   0.00%   |   0.00%   | 0.00% |         12.50%         |         0.00%          |      12.50%     |         0.00%         |       0.00%        |        0.00%        |        0.00%        |      12.50%     |
|      16      |         0.78%          |          0.00%           |  0.00%   |     0.00%      |  6.25%  | 0.00%  |  0.00%  | 0.00% |   6.25%    |   0.00%   |   0.00%   | 0.00% |         6.25%          |         0.00%          |      12.50%     |         0.00%         |       0.00%        |        0.00%        |        0.00%        |      12.50%     |
|      17      |         0.78%          |          0.00%           |  0.00%   |     0.00%      |  6.25%  | 0.00%  |  0.00%  | 0.00% |   3.12%    |   0.00%   |   0.00%   | 0.00% |         6.25%          |         0.00%          |      6.25%      |         0.00%         |       0.00%        |        0.00%        |        0.00%        |      6.25%      |
|      18      |         2.34%          |          0.00%           |  0.00%   |     0.00%      |  25.00% | 0.00%  |  0.00%  | 0.00% |   12.50%   |   0.00%   |   0.00%   | 0.00% |         25.00%         |         0.00%          |      25.00%     |         1.56%         |       0.00%        |        0.00%        |        0.00%        |      25.00%     |
|      19      |         0.00%          |          0.00%           |  0.00%   |     0.00%      |  0.00%  | 0.00%  |  0.00%  | 0.00% |   0.00%    |   0.00%   |   0.00%   | 0.00% |         0.00%          |         0.00%          |      0.00%      |         0.00%         |       0.00%        |        0.00%        |        0.00%        |      0.00%      |
------------------------------------------------------------------------------------------------------------------------------------
...
